dpool	type	filesystem	-	-
dpool	creation	1607606713	-	-
dpool	used	37441187840	-	-
dpool	available	272534372352	-	-
dpool	referenced	98304	-	-
dpool	compressratio	1.81	-	-
dpool	mounted	no	-	-
dpool	quota	0	-	default
dpool	reservation	0	-	default
dpool	recordsize	131072	-	default
dpool	mountpoint	none	-	local
dpool	sharenfs	off	-	default
dpool	checksum	on	-	default
dpool	compression	on	-	local
dpool	atime	on	-	default
dpool	devices	on	-	default
dpool	exec	on	-	default
dpool	setuid	on	-	default
dpool	readonly	off	-	default
dpool	zoned	off	-	default
dpool	snapdir	hidden	-	default
dpool	aclinherit	restricted	-	default
dpool	createtxg	1	-	-
dpool	canmount	on	-	default
dpool	xattr	on	-	default
dpool	copies	1	-	default
dpool	version	5	-	-
dpool	utf8only	off	-	-
dpool	normalization	none	-	-
dpool	casesensitivity	sensitive	-	-
dpool	vscan	off	-	default
dpool	nbmand	off	-	default
dpool	sharesmb	off	-	default
dpool	refquota	0	-	default
dpool	refreservation	0	-	default
dpool	guid	17199695710673366540	-	-
dpool	primarycache	all	-	default
dpool	secondarycache	all	-	default
dpool	usedbysnapshots	0	-	-
dpool	usedbydataset	98304	-	-
dpool	usedbychildren	37441089536	-	-
dpool	usedbyrefreservation	0	-	-
dpool	logbias	latency	-	default
dpool	objsetid	54	-	-
dpool	dedup	off	-	default
dpool	mlslabel	none	-	default
dpool	sync	standard	-	default
dpool	dnodesize	legacy	-	default
dpool	refcompressratio	1.00	-	-
dpool	written	98304	-	-
dpool	logicalused	64255330304	-	-
dpool	logicalreferenced	43008	-	-
dpool	volmode	default	-	default
dpool	filesystem_limit	18446744073709551615	-	default
dpool	snapshot_limit	18446744073709551615	-	default
dpool	filesystem_count	18446744073709551615	-	default
dpool	snapshot_count	18446744073709551615	-	default
dpool	snapdev	hidden	-	default
dpool	acltype	off	-	default
dpool	context	none	-	default
dpool	fscontext	none	-	default
dpool	defcontext	none	-	default
dpool	rootcontext	none	-	default
dpool	relatime	off	-	default
dpool	redundant_metadata	all	-	default
dpool	overlay	off	-	default
dpool	encryption	off	-	default
dpool	keylocation	none	-	default
dpool	keyformat	none	-	default
dpool	pbkdf2iters	0	-	default
dpool	special_small_blocks	0	-	default
dpool/mnt	type	filesystem	-	-
dpool/mnt	creation	1615393217	-	-
dpool/mnt	used	13418496	-	-
dpool/mnt	available	272534372352	-	-
dpool/mnt	referenced	98304	-	-
dpool/mnt	compressratio	1.00	-	-
dpool/mnt	mounted	yes	-	-
dpool/mnt	quota	0	-	default
dpool/mnt	reservation	0	-	default
dpool/mnt	recordsize	131072	-	default
dpool/mnt	mountpoint	/tmp/mnt	-	local
dpool/mnt	sharenfs	off	-	default
dpool/mnt	checksum	on	-	default
dpool/mnt	compression	on	-	inherited from dpool
dpool/mnt	atime	on	-	default
dpool/mnt	devices	on	-	default
dpool/mnt	exec	on	-	default
dpool/mnt	setuid	on	-	default
dpool/mnt	readonly	off	-	default
dpool/mnt	zoned	off	-	default
dpool/mnt	snapdir	hidden	-	default
dpool/mnt	aclinherit	restricted	-	default
dpool/mnt	createtxg	1525747	-	-
dpool/mnt	canmount	on	-	default
dpool/mnt	xattr	on	-	default
dpool/mnt	copies	1	-	default
dpool/mnt	version	5	-	-
dpool/mnt	utf8only	off	-	-
dpool/mnt	normalization	none	-	-
dpool/mnt	casesensitivity	sensitive	-	-
dpool/mnt	vscan	off	-	default
dpool/mnt	nbmand	off	-	default
dpool/mnt	sharesmb	off	-	default
dpool/mnt	refquota	0	-	default
dpool/mnt	refreservation	0	-	default
dpool/mnt	guid	15775474845812345882	-	-
dpool/mnt	primarycache	all	-	default
dpool/mnt	secondarycache	all	-	default
dpool/mnt	usedbysnapshots	0	-	-
dpool/mnt	usedbydataset	98304	-	-
dpool/mnt	usedbychildren	13320192	-	-
dpool/mnt	usedbyrefreservation	0	-	-
dpool/mnt	logbias	latency	-	default
dpool/mnt	objsetid	199	-	-
dpool/mnt	dedup	off	-	default
dpool/mnt	mlslabel	none	-	default
dpool/mnt	sync	standard	-	default
dpool/mnt	dnodesize	legacy	-	default
dpool/mnt	refcompressratio	1.00	-	-
dpool/mnt	written	0	-	-
dpool/mnt	logicalused	143360	-	-
dpool/mnt	logicalreferenced	43008	-	-
dpool/mnt	volmode	default	-	default
dpool/mnt	filesystem_limit	18446744073709551615	-	default
dpool/mnt	snapshot_limit	18446744073709551615	-	default
dpool/mnt	filesystem_count	18446744073709551615	-	default
dpool/mnt	snapshot_count	18446744073709551615	-	default
dpool/mnt	snapdev	hidden	-	default
dpool/mnt	acltype	off	-	default
dpool/mnt	context	none	-	default
dpool/mnt	fscontext	none	-	default
dpool/mnt	defcontext	none	-	default
dpool/mnt	rootcontext	none	-	default
dpool/mnt	relatime	off	-	default
dpool/mnt	redundant_metadata	all	-	default
dpool/mnt	overlay	off	-	default
dpool/mnt	encryption	off	-	default
dpool/mnt	keylocation	none	-	default
dpool/mnt	keyformat	none	-	default
dpool/mnt	pbkdf2iters	0	-	default
dpool/mnt	special_small_blocks	0	-	default
dpool/mnt@sr	type	snapshot	-	-
dpool/mnt@sr	creation	1615393313	-	-
dpool/mnt@sr	used	0	-	-
dpool/mnt@sr	referenced	98304	-	-
dpool/mnt@sr	compressratio	1.00	-	-
dpool/mnt@sr	devices	on	-	default
dpool/mnt@sr	exec	on	-	default
dpool/mnt@sr	setuid	on	-	default
dpool/mnt@sr	createtxg	1525771	-	-
dpool/mnt@sr	xattr	on	-	default
dpool/mnt@sr	version	5	-	-
dpool/mnt@sr	utf8only	off	-	-
dpool/mnt@sr	normalization	none	-	-
dpool/mnt@sr	casesensitivity	sensitive	-	-
dpool/mnt@sr	nbmand	off	-	default
dpool/mnt@sr	guid	4578662856025033503	-	-
dpool/mnt@sr	primarycache	all	-	default
dpool/mnt@sr	secondarycache	all	-	default
dpool/mnt@sr	defer_destroy	off	-	-
dpool/mnt@sr	userrefs	0	-	-
dpool/mnt@sr	objsetid	100	-	-
dpool/mnt@sr	mlslabel	none	-	default
dpool/mnt@sr	refcompressratio	1.00	-	-
dpool/mnt@sr	written	98304	-	-
dpool/mnt@sr	clones		-	-
dpool/mnt@sr	logicalreferenced	43008	-	-
dpool/mnt@sr	acltype	off	-	default
dpool/mnt@sr	context	none	-	default
dpool/mnt@sr	fscontext	none	-	default
dpool/mnt@sr	defcontext	none	-	default
dpool/mnt@sr	rootcontext	none	-	default
dpool/mnt@sr	encryption	off	-	default
dpool/mnt/test1	type	filesystem	-	-
dpool/mnt/test1	creation	1615393235	-	-
dpool/mnt/test1	used	98304	-	-
dpool/mnt/test1	available	272534372352	-	-
dpool/mnt/test1	referenced	98304	-	-
dpool/mnt/test1	compressratio	1.00	-	-
dpool/mnt/test1	mounted	yes	-	-
dpool/mnt/test1	quota	0	-	default
dpool/mnt/test1	reservation	0	-	default
dpool/mnt/test1	recordsize	131072	-	default
dpool/mnt/test1	mountpoint	/tmp/mnt/test1	-	inherited from dpool/mnt
dpool/mnt/test1	sharenfs	off	-	default
dpool/mnt/test1	checksum	on	-	default
dpool/mnt/test1	compression	on	-	inherited from dpool
dpool/mnt/test1	atime	on	-	default
dpool/mnt/test1	devices	on	-	default
dpool/mnt/test1	exec	on	-	default
dpool/mnt/test1	setuid	on	-	default
dpool/mnt/test1	readonly	off	-	default
dpool/mnt/test1	zoned	off	-	default
dpool/mnt/test1	snapdir	hidden	-	default
dpool/mnt/test1	aclinherit	restricted	-	default
dpool/mnt/test1	createtxg	1525752	-	-
dpool/mnt/test1	canmount	on	-	default
dpool/mnt/test1	xattr	on	-	default
dpool/mnt/test1	copies	1	-	default
dpool/mnt/test1	version	5	-	-
dpool/mnt/test1	utf8only	off	-	-
dpool/mnt/test1	normalization	none	-	-
dpool/mnt/test1	casesensitivity	sensitive	-	-
dpool/mnt/test1	vscan	off	-	default
dpool/mnt/test1	nbmand	off	-	default
dpool/mnt/test1	sharesmb	off	-	default
dpool/mnt/test1	refquota	0	-	default
dpool/mnt/test1	refreservation	0	-	default
dpool/mnt/test1	guid	3995925592979669063	-	-
dpool/mnt/test1	primarycache	all	-	default
dpool/mnt/test1	secondarycache	all	-	default
dpool/mnt/test1	usedbysnapshots	0	-	-
dpool/mnt/test1	usedbydataset	98304	-	-
dpool/mnt/test1	usedbychildren	0	-	-
dpool/mnt/test1	usedbyrefreservation	0	-	-
dpool/mnt/test1	logbias	latency	-	default
dpool/mnt/test1	objsetid	305	-	-
dpool/mnt/test1	dedup	off	-	default
dpool/mnt/test1	mlslabel	none	-	default
dpool/mnt/test1	sync	standard	-	default
dpool/mnt/test1	dnodesize	legacy	-	default
dpool/mnt/test1	refcompressratio	1.00	-	-
dpool/mnt/test1	written	0	-	-
dpool/mnt/test1	logicalused	43008	-	-
dpool/mnt/test1	logicalreferenced	43008	-	-
dpool/mnt/test1	volmode	default	-	default
dpool/mnt/test1	filesystem_limit	18446744073709551615	-	default
dpool/mnt/test1	snapshot_limit	18446744073709551615	-	default
dpool/mnt/test1	filesystem_count	18446744073709551615	-	default
dpool/mnt/test1	snapshot_count	18446744073709551615	-	default
dpool/mnt/test1	snapdev	hidden	-	default
dpool/mnt/test1	acltype	off	-	default
dpool/mnt/test1	context	none	-	default
dpool/mnt/test1	fscontext	none	-	default
dpool/mnt/test1	defcontext	none	-	default
dpool/mnt/test1	rootcontext	none	-	default
dpool/mnt/test1	relatime	off	-	default
dpool/mnt/test1	redundant_metadata	all	-	default
dpool/mnt/test1	overlay	off	-	default
dpool/mnt/test1	encryption	off	-	default
dpool/mnt/test1	keylocation	none	-	default
dpool/mnt/test1	keyformat	none	-	default
dpool/mnt/test1	pbkdf2iters	0	-	default
dpool/mnt/test1	special_small_blocks	0	-	default
dpool/mnt/test1@s1	type	snapshot	-	-
dpool/mnt/test1@s1	creation	1615393289	-	-
dpool/mnt/test1@s1	used	0	-	-
dpool/mnt/test1@s1	referenced	98304	-	-
dpool/mnt/test1@s1	compressratio	1.00	-	-
dpool/mnt/test1@s1	devices	on	-	default
dpool/mnt/test1@s1	exec	on	-	default
dpool/mnt/test1@s1	setuid	on	-	default
dpool/mnt/test1@s1	createtxg	1525765	-	-
dpool/mnt/test1@s1	xattr	on	-	default
dpool/mnt/test1@s1	version	5	-	-
dpool/mnt/test1@s1	utf8only	off	-	-
dpool/mnt/test1@s1	normalization	none	-	-
dpool/mnt/test1@s1	casesensitivity	sensitive	-	-
dpool/mnt/test1@s1	nbmand	off	-	default
dpool/mnt/test1@s1	guid	6089765987886063975	-	-
dpool/mnt/test1@s1	primarycache	all	-	default
dpool/mnt/test1@s1	secondarycache	all	-	default
dpool/mnt/test1@s1	defer_destroy	off	-	-
dpool/mnt/test1@s1	userrefs	0	-	-
dpool/mnt/test1@s1	objsetid	208	-	-
dpool/mnt/test1@s1	mlslabel	none	-	default
dpool/mnt/test1@s1	refcompressratio	1.00	-	-
dpool/mnt/test1@s1	written	98304	-	-
dpool/mnt/test1@s1	clones		-	-
dpool/mnt/test1@s1	logicalreferenced	43008	-	-
dpool/mnt/test1@s1	acltype	off	-	default
dpool/mnt/test1@s1	context	none	-	default
dpool/mnt/test1@s1	fscontext	none	-	default
dpool/mnt/test1@s1	defcontext	none	-	default
dpool/mnt/test1@s1	rootcontext	none	-	default
dpool/mnt/test1@s1	encryption	off	-	default
dpool/mnt/test1@sr	type	snapshot	-	-
dpool/mnt/test1@sr	creation	1615393313	-	-
dpool/mnt/test1@sr	used	0	-	-
dpool/mnt/test1@sr	referenced	98304	-	-
dpool/mnt/test1@sr	compressratio	1.00	-	-
dpool/mnt/test1@sr	devices	on	-	default
dpool/mnt/test1@sr	exec	on	-	default
dpool/mnt/test1@sr	setuid	on	-	default
dpool/mnt/test1@sr	createtxg	1525771	-	-
dpool/mnt/test1@sr	xattr	on	-	default
dpool/mnt/test1@sr	version	5	-	-
dpool/mnt/test1@sr	utf8only	off	-	-
dpool/mnt/test1@sr	normalization	none	-	-
dpool/mnt/test1@sr	casesensitivity	sensitive	-	-
dpool/mnt/test1@sr	nbmand	off	-	default
dpool/mnt/test1@sr	guid	7848500287083030779	-	-
dpool/mnt/test1@sr	primarycache	all	-	default
dpool/mnt/test1@sr	secondarycache	all	-	default
dpool/mnt/test1@sr	defer_destroy	off	-	-
dpool/mnt/test1@sr	userrefs	0	-	-
dpool/mnt/test1@sr	objsetid	104	-	-
dpool/mnt/test1@sr	mlslabel	none	-	default
dpool/mnt/test1@sr	refcompressratio	1.00	-	-
dpool/mnt/test1@sr	written	0	-	-
dpool/mnt/test1@sr	clones		-	-
dpool/mnt/test1@sr	logicalreferenced	43008	-	-
dpool/mnt/test1@sr	acltype	off	-	default
dpool/mnt/test1@sr	context	none	-	default
dpool/mnt/test1@sr	fscontext	none	-	default
dpool/mnt/test1@sr	defcontext	none	-	default
dpool/mnt/test1@sr	rootcontext	none	-	default
dpool/mnt/test1@sr	encryption	off	-	default
dpool/mnt/test2	type	volume	-	-
dpool/mnt/test2	creation	1615393257	-	-
dpool/mnt/test2	used	13164544	-	-
dpool/mnt/test2	available	272547479552	-	-
dpool/mnt/test2	referenced	57344	-	-
dpool/mnt/test2	compressratio	1.00	-	-
dpool/mnt/test2	reservation	0	-	default
dpool/mnt/test2	volsize	10485760	-	local
dpool/mnt/test2	volblocksize	8192	-	default
dpool/mnt/test2	checksum	on	-	default
dpool/mnt/test2	compression	on	-	inherited from dpool
dpool/mnt/test2	readonly	off	-	default
dpool/mnt/test2	createtxg	1525757	-	-
dpool/mnt/test2	copies	1	-	default
dpool/mnt/test2	refreservation	13107200	-	local
dpool/mnt/test2	guid	2618508274102779226	-	-
dpool/mnt/test2	primarycache	all	-	default
dpool/mnt/test2	secondarycache	all	-	default
dpool/mnt/test2	usedbysnapshots	0	-	-
dpool/mnt/test2	usedbydataset	57344	-	-
dpool/mnt/test2	usedbychildren	0	-	-
dpool/mnt/test2	usedbyrefreservation	13107200	-	-
dpool/mnt/test2	logbias	latency	-	default
dpool/mnt/test2	objsetid	205	-	-
dpool/mnt/test2	dedup	off	-	default
dpool/mnt/test2	mlslabel	none	-	default
dpool/mnt/test2	sync	standard	-	default
dpool/mnt/test2	refcompressratio	1.00	-	-
dpool/mnt/test2	written	0	-	-
dpool/mnt/test2	logicalused	28672	-	-
dpool/mnt/test2	logicalreferenced	28672	-	-
dpool/mnt/test2	volmode	default	-	default
dpool/mnt/test2	snapshot_limit	18446744073709551615	-	default
dpool/mnt/test2	snapshot_count	18446744073709551615	-	default
dpool/mnt/test2	snapdev	hidden	-	default
dpool/mnt/test2	context	none	-	default
dpool/mnt/test2	fscontext	none	-	default
dpool/mnt/test2	defcontext	none	-	default
dpool/mnt/test2	rootcontext	none	-	default
dpool/mnt/test2	redundant_metadata	all	-	default
dpool/mnt/test2	encryption	off	-	default
dpool/mnt/test2	keylocation	none	-	default
dpool/mnt/test2	keyformat	none	-	default
dpool/mnt/test2	pbkdf2iters	0	-	default
dpool/mnt/test2@s2	type	snapshot	-	-
dpool/mnt/test2@s2	creation	1615393294	-	-
dpool/mnt/test2@s2	used	0	-	-
dpool/mnt/test2@s2	referenced	57344	-	-
dpool/mnt/test2@s2	compressratio	1.00	-	-
dpool/mnt/test2@s2	volsize	10485760	-	local
dpool/mnt/test2@s2	createtxg	1525766	-	-
dpool/mnt/test2@s2	guid	2611072283805841051	-	-
dpool/mnt/test2@s2	primarycache	all	-	default
dpool/mnt/test2@s2	secondarycache	all	-	default
dpool/mnt/test2@s2	defer_destroy	off	-	-
dpool/mnt/test2@s2	userrefs	0	-	-
dpool/mnt/test2@s2	objsetid	98	-	-
dpool/mnt/test2@s2	mlslabel	none	-	default
dpool/mnt/test2@s2	refcompressratio	1.00	-	-
dpool/mnt/test2@s2	written	57344	-	-
dpool/mnt/test2@s2	clones		-	-
dpool/mnt/test2@s2	logicalreferenced	28672	-	-
dpool/mnt/test2@s2	context	none	-	default
dpool/mnt/test2@s2	fscontext	none	-	default
dpool/mnt/test2@s2	defcontext	none	-	default
dpool/mnt/test2@s2	rootcontext	none	-	default
dpool/mnt/test2@s2	encryption	off	-	default
dpool/mnt/test2@sr	type	snapshot	-	-
dpool/mnt/test2@sr	creation	1615393313	-	-
dpool/mnt/test2@sr	used	0	-	-
dpool/mnt/test2@sr	referenced	57344	-	-
dpool/mnt/test2@sr	compressratio	1.00	-	-
dpool/mnt/test2@sr	volsize	10485760	-	local
dpool/mnt/test2@sr	createtxg	1525771	-	-
dpool/mnt/test2@sr	guid	15543356559233337418	-	-
dpool/mnt/test2@sr	primarycache	all	-	default
dpool/mnt/test2@sr	secondarycache	all	-	default
dpool/mnt/test2@sr	defer_destroy	off	-	-
dpool/mnt/test2@sr	userrefs	0	-	-
dpool/mnt/test2@sr	objsetid	106	-	-
dpool/mnt/test2@sr	mlslabel	none	-	default
dpool/mnt/test2@sr	refcompressratio	1.00	-	-
dpool/mnt/test2@sr	written	0	-	-
dpool/mnt/test2@sr	clones		-	-
dpool/mnt/test2@sr	logicalreferenced	28672	-	-
dpool/mnt/test2@sr	context	none	-	default
dpool/mnt/test2@sr	fscontext	none	-	default
dpool/mnt/test2@sr	defcontext	none	-	default
dpool/mnt/test2@sr	rootcontext	none	-	default
dpool/mnt/test2@sr	encryption	off	-	default
dpool/mnt/test3	type	volume	-	-
dpool/mnt/test3	creation	1615393267	-	-
dpool/mnt/test3	used	57344	-	-
dpool/mnt/test3	available	272534372352	-	-
dpool/mnt/test3	referenced	57344	-	-
dpool/mnt/test3	compressratio	1.00	-	-
dpool/mnt/test3	reservation	0	-	default
dpool/mnt/test3	volsize	10485760	-	local
dpool/mnt/test3	volblocksize	8192	-	default
dpool/mnt/test3	checksum	on	-	default
dpool/mnt/test3	compression	on	-	inherited from dpool
dpool/mnt/test3	readonly	off	-	default
dpool/mnt/test3	createtxg	1525760	-	-
dpool/mnt/test3	copies	1	-	default
dpool/mnt/test3	refreservation	0	-	default
dpool/mnt/test3	guid	9337194957069499849	-	-
dpool/mnt/test3	primarycache	all	-	default
dpool/mnt/test3	secondarycache	all	-	default
dpool/mnt/test3	usedbysnapshots	0	-	-
dpool/mnt/test3	usedbydataset	57344	-	-
dpool/mnt/test3	usedbychildren	0	-	-
dpool/mnt/test3	usedbyrefreservation	0	-	-
dpool/mnt/test3	logbias	latency	-	default
dpool/mnt/test3	objsetid	311	-	-
dpool/mnt/test3	dedup	off	-	default
dpool/mnt/test3	mlslabel	none	-	default
dpool/mnt/test3	sync	standard	-	default
dpool/mnt/test3	refcompressratio	1.00	-	-
dpool/mnt/test3	written	0	-	-
dpool/mnt/test3	logicalused	28672	-	-
dpool/mnt/test3	logicalreferenced	28672	-	-
dpool/mnt/test3	volmode	default	-	default
dpool/mnt/test3	snapshot_limit	18446744073709551615	-	default
dpool/mnt/test3	snapshot_count	18446744073709551615	-	default
dpool/mnt/test3	snapdev	hidden	-	default
dpool/mnt/test3	context	none	-	default
dpool/mnt/test3	fscontext	none	-	default
dpool/mnt/test3	defcontext	none	-	default
dpool/mnt/test3	rootcontext	none	-	default
dpool/mnt/test3	redundant_metadata	all	-	default
dpool/mnt/test3	encryption	off	-	default
dpool/mnt/test3	keylocation	none	-	default
dpool/mnt/test3	keyformat	none	-	default
dpool/mnt/test3	pbkdf2iters	0	-	default
dpool/mnt/test3@s3	type	snapshot	-	-
dpool/mnt/test3@s3	creation	1615393300	-	-
dpool/mnt/test3@s3	used	0	-	-
dpool/mnt/test3@s3	referenced	57344	-	-
dpool/mnt/test3@s3	compressratio	1.00	-	-
dpool/mnt/test3@s3	volsize	10485760	-	local
dpool/mnt/test3@s3	createtxg	1525768	-	-
dpool/mnt/test3@s3	guid	10983225003820396417	-	-
dpool/mnt/test3@s3	primarycache	all	-	default
dpool/mnt/test3@s3	secondarycache	all	-	default
dpool/mnt/test3@s3	defer_destroy	off	-	-
dpool/mnt/test3@s3	userrefs	0	-	-
dpool/mnt/test3@s3	objsetid	210	-	-
dpool/mnt/test3@s3	mlslabel	none	-	default
dpool/mnt/test3@s3	refcompressratio	1.00	-	-
dpool/mnt/test3@s3	written	57344	-	-
dpool/mnt/test3@s3	clones		-	-
dpool/mnt/test3@s3	logicalreferenced	28672	-	-
dpool/mnt/test3@s3	context	none	-	default
dpool/mnt/test3@s3	fscontext	none	-	default
dpool/mnt/test3@s3	defcontext	none	-	default
dpool/mnt/test3@s3	rootcontext	none	-	default
dpool/mnt/test3@s3	encryption	off	-	default
dpool/mnt/test3@sr	type	snapshot	-	-
dpool/mnt/test3@sr	creation	1615393313	-	-
dpool/mnt/test3@sr	used	0	-	-
dpool/mnt/test3@sr	referenced	57344	-	-
dpool/mnt/test3@sr	compressratio	1.00	-	-
dpool/mnt/test3@sr	volsize	10485760	-	local
dpool/mnt/test3@sr	createtxg	1525771	-	-
dpool/mnt/test3@sr	guid	15001988404130447472	-	-
dpool/mnt/test3@sr	primarycache	all	-	default
dpool/mnt/test3@sr	secondarycache	all	-	default
dpool/mnt/test3@sr	defer_destroy	off	-	-
dpool/mnt/test3@sr	userrefs	0	-	-
dpool/mnt/test3@sr	objsetid	102	-	-
dpool/mnt/test3@sr	mlslabel	none	-	default
dpool/mnt/test3@sr	refcompressratio	1.00	-	-
dpool/mnt/test3@sr	written	0	-	-
dpool/mnt/test3@sr	clones		-	-
dpool/mnt/test3@sr	logicalreferenced	28672	-	-
dpool/mnt/test3@sr	context	none	-	default
dpool/mnt/test3@sr	fscontext	none	-	default
dpool/mnt/test3@sr	defcontext	none	-	default
dpool/mnt/test3@sr	rootcontext	none	-	default
dpool/mnt/test3@sr	encryption	off	-	default
