dpool	size	84825604096	-
dpool	capacity	0	-
dpool	altroot	-	default
dpool	health	ONLINE	-
dpool	guid	4170411626345008614	-
dpool	version	-	default
dpool	bootfs	-	default
dpool	delegation	on	default
dpool	autoreplace	off	default
dpool	cachefile	-	default
dpool	failmode	wait	default
dpool	listsnapshots	off	default
dpool	autoexpand	off	default
dpool	dedupditto	0	default
dpool	dedupratio	1.00	-
dpool	free	84822654976	-
dpool	allocated	2949120	-
dpool	readonly	off	-
dpool	ashift	12	local
dpool	comment	-	default
dpool	expandsize	-	-
dpool	freeing	0	-
dpool	fragmentation	0	-
dpool	leaked	0	-
dpool	multihost	off	default
dpool	checkpoint	-	-
dpool	load_guid	12913886647223915642	-
dpool	autotrim	off	default
dpool	feature@async_destroy	enabled	local
dpool	feature@empty_bpobj	active	local
dpool	feature@lz4_compress	active	local
dpool	feature@multi_vdev_crash_dump	enabled	local
dpool	feature@spacemap_histogram	active	local
dpool	feature@enabled_txg	active	local
dpool	feature@hole_birth	active	local
dpool	feature@extensible_dataset	active	local
dpool	feature@embedded_data	active	local
dpool	feature@bookmarks	enabled	local
dpool	feature@filesystem_limits	enabled	local
dpool	feature@large_blocks	enabled	local
dpool	feature@large_dnode	enabled	local
dpool	feature@sha512	enabled	local
dpool	feature@skein	enabled	local
dpool	feature@edonr	enabled	local
dpool	feature@userobj_accounting	active	local
dpool	feature@encryption	enabled	local
dpool	feature@project_quota	active	local
dpool	feature@device_removal	enabled	local
dpool	feature@obsolete_counts	enabled	local
dpool	feature@zpool_checkpoint	enabled	local
dpool	feature@spacemap_v2	active	local
dpool	feature@allocation_classes	enabled	local
dpool	feature@resilver_defer	enabled	local
dpool	feature@bookmark_v2	enabled	local